[2017-07-01 02:30:05] production.ERROR: ErrorException: file_put_contents(/var/www/html/tannguyen/bootstrap/cache/services.php): failed to open stream: No such file or directory in /var/www/html/tannguyen/vendor/laravel/framework/src/Illuminate/Filesystem/Filesystem.php:111
Stack trace:
#0 [internal function]: Illuminate\Foundation\Bootstrap\HandleExceptions->handleError(2, 'file_put_conten...', '/var/www/html/t...', 111, Array)
#1 /var/www/html/tannguyen/vendor/laravel/framework/src/Illuminate/Filesystem/Filesystem.php(111): file_put_contents('/var/www/html/t...', '<?php return ar...', 0)
#2 /var/www/html/tannguyen/vendor/laravel/framework/src/Illuminate/Foundation/ProviderRepository.php(189): Illuminate\Filesystem\Filesystem->put('/var/www/html/t...', '<?php return ar...')
#3 /var/www/html/tannguyen/vendor/laravel/framework/src/Illuminate/Foundation/ProviderRepository.php(135): Illuminate\Foundation\ProviderRepository->writeManifest(Array)
#4 /var/www/html/tannguyen/vendor/laravel/framework/src/Illuminate/Foundation/ProviderRepository.php(60): Illuminate\Foundation\ProviderRepository->compileManifest(Array)
#5 /var/www/html/tannguyen/vendor/laravel/framework/src/Illuminate/Foundation/Application.php(540): Illuminate\Foundation\ProviderRepository->load(Array)
#6 /var/www/html/tannguyen/vendor/laravel/framework/src/Illuminate/Foundation/Bootstrap/RegisterProviders.php(17): Illuminate\Foundation\Application->registerConfiguredProviders()
#7 /var/www/html/tannguyen/vendor/laravel/framework/src/Illuminate/Foundation/Application.php(203): Illuminate\Foundation\Bootstrap\RegisterProviders->bootstrap(Object(Illuminate\Foundation\Application))
#8 /var/www/html/tannguyen/vendor/laravel/framework/src/Illuminate/Foundation/Console/Kernel.php(267): Illuminate\Foundation\Application->bootstrapWith(Array)
#9 /var/www/html/tannguyen/vendor/laravel/framework/src/Illuminate/Foundation/Console/Kernel.php(113): Illuminate\Foundation\Console\Kernel->bootstrap()
#10 /var/www/html/tannguyen/artisan(35): Illuminate\Foundation\Console\Kernel->handle(Object(Symfony\Component\Console\Input\ArgvInput), Object(Symfony\Component\Console\Output\ConsoleOutput))
#11 {main}  
[2017-07-01 02:30:52] production.ERROR: ErrorException: file_put_contents(/var/www/html/tannguyen/bootstrap/cache/services.php): failed to open stream: No such file or directory in /var/www/html/tannguyen/vendor/laravel/framework/src/Illuminate/Filesystem/Filesystem.php:111
Stack trace:
#0 [internal function]: Illuminate\Foundation\Bootstrap\HandleExceptions->handleError(2, 'file_put_conten...', '/var/www/html/t...', 111, Array)
#1 /var/www/html/tannguyen/vendor/laravel/framework/src/Illuminate/Filesystem/Filesystem.php(111): file_put_contents('/var/www/html/t...', '<?php return ar...', 0)
#2 /var/www/html/tannguyen/vendor/laravel/framework/src/Illuminate/Foundation/ProviderRepository.php(189): Illuminate\Filesystem\Filesystem->put('/var/www/html/t...', '<?php return ar...')
#3 /var/www/html/tannguyen/vendor/laravel/framework/src/Illuminate/Foundation/ProviderRepository.php(135): Illuminate\Foundation\ProviderRepository->writeManifest(Array)
#4 /var/www/html/tannguyen/vendor/laravel/framework/src/Illuminate/Foundation/ProviderRepository.php(60): Illuminate\Foundation\ProviderRepository->compileManifest(Array)
#5 /var/www/html/tannguyen/vendor/laravel/framework/src/Illuminate/Foundation/Application.php(540): Illuminate\Foundation\ProviderRepository->load(Array)
#6 /var/www/html/tannguyen/vendor/laravel/framework/src/Illuminate/Foundation/Bootstrap/RegisterProviders.php(17): Illuminate\Foundation\Application->registerConfiguredProviders()
#7 /var/www/html/tannguyen/vendor/laravel/framework/src/Illuminate/Foundation/Application.php(203): Illuminate\Foundation\Bootstrap\RegisterProviders->bootstrap(Object(Illuminate\Foundation\Application))
#8 /var/www/html/tannguyen/vendor/laravel/framework/src/Illuminate/Foundation/Console/Kernel.php(267): Illuminate\Foundation\Application->bootstrapWith(Array)
#9 /var/www/html/tannguyen/vendor/laravel/framework/src/Illuminate/Foundation/Console/Kernel.php(113): Illuminate\Foundation\Console\Kernel->bootstrap()
#10 /var/www/html/tannguyen/artisan(35): Illuminate\Foundation\Console\Kernel->handle(Object(Symfony\Component\Console\Input\ArgvInput), Object(Symfony\Component\Console\Output\ConsoleOutput))
#11 {main}  
[2017-07-01 02:32:50] production.ERROR: RuntimeException: The only supported ciphers are AES-128-CBC and AES-256-CBC with the correct key lengths. in /var/www/html/tannguyen/bootstrap/cache/compiled.php:13520
Stack trace:
#0 /var/www/html/tannguyen/bootstrap/cache/compiled.php(7927): Illuminate\Encryption\Encrypter->__construct('', 'AES-256-CBC')
#1 /var/www/html/tannguyen/bootstrap/cache/compiled.php(1477): Illuminate\Encryption\EncryptionServiceProvider->Illuminate\Encryption\{closure}(Object(Illuminate\Foundation\Application), Array)
#2 /var/www/html/tannguyen/bootstrap/cache/compiled.php(1433): Illuminate\Container\Container->build(Object(Closure), Array)
#3 /var/www/html/tannguyen/bootstrap/cache/compiled.php(2011): Illuminate\Container\Container->make('encrypter', Array)
#4 /var/www/html/tannguyen/bootstrap/cache/compiled.php(1534): Illuminate\Foundation\Application->make('encrypter')
#5 /var/www/html/tannguyen/bootstrap/cache/compiled.php(1511): Illuminate\Container\Container->resolveClass(Object(ReflectionParameter))
#6 /var/www/html/tannguyen/bootstrap/cache/compiled.php(1497): Illuminate\Container\Container->getDependencies(Array, Array)
#7 /var/www/html/tannguyen/bootstrap/cache/compiled.php(1433): Illuminate\Container\Container->build('App\\Http\\Middle...', Array)
#8 /var/www/html/tannguyen/bootstrap/cache/compiled.php(2011): Illuminate\Container\Container->make('App\\Http\\Middle...', Array)
#9 /var/www/html/tannguyen/bootstrap/cache/compiled.php(10064): Illuminate\Foundation\Application->make('App\\Http\\Middle...')
#10 /var/www/html/tannguyen/vendor/laravel/framework/src/Illuminate/Routing/Pipeline.php(33): Illuminate\Pipeline\Pipeline->Illuminate\Pipeline\{closure}(Object(Illuminate\Http\Request))
#11 /var/www/html/tannguyen/bootstrap/cache/compiled.php(10054): Illuminate\Routing\Pipeline->Illuminate\Routing\{closure}(Object(Illuminate\Http\Request))
#12 /var/www/html/tannguyen/bootstrap/cache/compiled.php(8356): Illuminate\Pipeline\Pipeline->then(Object(Closure))
#13 /var/www/html/tannguyen/bootstrap/cache/compiled.php(8347): Illuminate\Routing\Router->runRouteWithinStack(Object(Illuminate\Routing\Route), Object(Illuminate\Http\Request))
#14 /var/www/html/tannguyen/bootstrap/cache/compiled.php(8338): Illuminate\Routing\Router->dispatchToRoute(Object(Illuminate\Http\Request))
#15 /var/www/html/tannguyen/bootstrap/cache/compiled.php(2575): Illuminate\Routing\Router->dispatch(Object(Illuminate\Http\Request))
#16 /var/www/html/tannguyen/vendor/laravel/framework/src/Illuminate/Routing/Pipeline.php(53): Illuminate\Foundation\Http\Kernel->Illuminate\Foundation\Http\{closure}(Object(Illuminate\Http\Request))
#17 /var/www/html/tannguyen/bootstrap/cache/compiled.php(3374): Illuminate\Routing\Pipeline->Illuminate\Routing\{closure}(Object(Illuminate\Http\Request))
#18 /var/www/html/tannguyen/bootstrap/cache/compiled.php(10069): Illuminate\Foundation\Http\Middleware\CheckForMaintenanceMode->handle(Object(Illuminate\Http\Request), Object(Closure))
#19 /var/www/html/tannguyen/vendor/laravel/framework/src/Illuminate/Routing/Pipeline.php(33): Illuminate\Pipeline\Pipeline->Illuminate\Pipeline\{closure}(Object(Illuminate\Http\Request))
#20 /var/www/html/tannguyen/bootstrap/cache/compiled.php(10054): Illuminate\Routing\Pipeline->Illuminate\Routing\{closure}(Object(Illuminate\Http\Request))
#21 /var/www/html/tannguyen/bootstrap/cache/compiled.php(2519): Illuminate\Pipeline\Pipeline->then(Object(Closure))
#22 /var/www/html/tannguyen/bootstrap/cache/compiled.php(2503): Illuminate\Foundation\Http\Kernel->sendRequestThroughRouter(Object(Illuminate\Http\Request))
#23 /var/www/html/tannguyen/public/index.php(53): Illuminate\Foundation\Http\Kernel->handle(Object(Illuminate\Http\Request))
#24 /var/www/html/tannguyen/server.php(21): require_once('/var/www/html/t...')
#25 {main}  
[2017-07-01 02:32:50] production.ERROR: RuntimeException: The only supported ciphers are AES-128-CBC and AES-256-CBC with the correct key lengths. in /var/www/html/tannguyen/bootstrap/cache/compiled.php:13520
Stack trace:
#0 /var/www/html/tannguyen/bootstrap/cache/compiled.php(7927): Illuminate\Encryption\Encrypter->__construct('', 'AES-256-CBC')
#1 /var/www/html/tannguyen/bootstrap/cache/compiled.php(1477): Illuminate\Encryption\EncryptionServiceProvider->Illuminate\Encryption\{closure}(Object(Illuminate\Foundation\Application), Array)
#2 /var/www/html/tannguyen/bootstrap/cache/compiled.php(1433): Illuminate\Container\Container->build(Object(Closure), Array)
#3 /var/www/html/tannguyen/bootstrap/cache/compiled.php(2011): Illuminate\Container\Container->make('encrypter', Array)
#4 /var/www/html/tannguyen/bootstrap/cache/compiled.php(1534): Illuminate\Foundation\Application->make('encrypter')
#5 /var/www/html/tannguyen/bootstrap/cache/compiled.php(1511): Illuminate\Container\Container->resolveClass(Object(ReflectionParameter))
#6 /var/www/html/tannguyen/bootstrap/cache/compiled.php(1497): Illuminate\Container\Container->getDependencies(Array, Array)
#7 /var/www/html/tannguyen/bootstrap/cache/compiled.php(1433): Illuminate\Container\Container->build('App\\Http\\Middle...', Array)
#8 /var/www/html/tannguyen/bootstrap/cache/compiled.php(2011): Illuminate\Container\Container->make('App\\Http\\Middle...', Array)
#9 /var/www/html/tannguyen/bootstrap/cache/compiled.php(2529): Illuminate\Foundation\Application->make('App\\Http\\Middle...')
#10 /var/www/html/tannguyen/public/index.php(58): Illuminate\Foundation\Http\Kernel->terminate(Object(Illuminate\Http\Request), Object(Illuminate\Http\Response))
#11 /var/www/html/tannguyen/server.php(21): require_once('/var/www/html/t...')
#12 {main}  
[2017-07-01 02:33:07] local.ERROR: RuntimeException: The only supported ciphers are AES-128-CBC and AES-256-CBC with the correct key lengths. in /var/www/html/tannguyen/bootstrap/cache/compiled.php:13520
Stack trace:
#0 /var/www/html/tannguyen/bootstrap/cache/compiled.php(7927): Illuminate\Encryption\Encrypter->__construct('', 'AES-256-CBC')
#1 /var/www/html/tannguyen/bootstrap/cache/compiled.php(1477): Illuminate\Encryption\EncryptionServiceProvider->Illuminate\Encryption\{closure}(Object(Illuminate\Foundation\Application), Array)
#2 /var/www/html/tannguyen/bootstrap/cache/compiled.php(1433): Illuminate\Container\Container->build(Object(Closure), Array)
#3 /var/www/html/tannguyen/bootstrap/cache/compiled.php(2011): Illuminate\Container\Container->make('encrypter', Array)
#4 /var/www/html/tannguyen/bootstrap/cache/compiled.php(1534): Illuminate\Foundation\Application->make('encrypter')
#5 /var/www/html/tannguyen/bootstrap/cache/compiled.php(1511): Illuminate\Container\Container->resolveClass(Object(ReflectionParameter))
#6 /var/www/html/tannguyen/bootstrap/cache/compiled.php(1497): Illuminate\Container\Container->getDependencies(Array, Array)
#7 /var/www/html/tannguyen/bootstrap/cache/compiled.php(1433): Illuminate\Container\Container->build('App\\Http\\Middle...', Array)
#8 /var/www/html/tannguyen/bootstrap/cache/compiled.php(2011): Illuminate\Container\Container->make('App\\Http\\Middle...', Array)
#9 /var/www/html/tannguyen/bootstrap/cache/compiled.php(10064): Illuminate\Foundation\Application->make('App\\Http\\Middle...')
#10 /var/www/html/tannguyen/vendor/laravel/framework/src/Illuminate/Routing/Pipeline.php(33): Illuminate\Pipeline\Pipeline->Illuminate\Pipeline\{closure}(Object(Illuminate\Http\Request))
#11 /var/www/html/tannguyen/bootstrap/cache/compiled.php(10054): Illuminate\Routing\Pipeline->Illuminate\Routing\{closure}(Object(Illuminate\Http\Request))
#12 /var/www/html/tannguyen/bootstrap/cache/compiled.php(8356): Illuminate\Pipeline\Pipeline->then(Object(Closure))
#13 /var/www/html/tannguyen/bootstrap/cache/compiled.php(8347): Illuminate\Routing\Router->runRouteWithinStack(Object(Illuminate\Routing\Route), Object(Illuminate\Http\Request))
#14 /var/www/html/tannguyen/bootstrap/cache/compiled.php(8338): Illuminate\Routing\Router->dispatchToRoute(Object(Illuminate\Http\Request))
#15 /var/www/html/tannguyen/bootstrap/cache/compiled.php(2575): Illuminate\Routing\Router->dispatch(Object(Illuminate\Http\Request))
#16 /var/www/html/tannguyen/vendor/laravel/framework/src/Illuminate/Routing/Pipeline.php(53): Illuminate\Foundation\Http\Kernel->Illuminate\Foundation\Http\{closure}(Object(Illuminate\Http\Request))
#17 /var/www/html/tannguyen/bootstrap/cache/compiled.php(3374): Illuminate\Routing\Pipeline->Illuminate\Routing\{closure}(Object(Illuminate\Http\Request))
#18 /var/www/html/tannguyen/bootstrap/cache/compiled.php(10069): Illuminate\Foundation\Http\Middleware\CheckForMaintenanceMode->handle(Object(Illuminate\Http\Request), Object(Closure))
#19 /var/www/html/tannguyen/vendor/laravel/framework/src/Illuminate/Routing/Pipeline.php(33): Illuminate\Pipeline\Pipeline->Illuminate\Pipeline\{closure}(Object(Illuminate\Http\Request))
#20 /var/www/html/tannguyen/bootstrap/cache/compiled.php(10054): Illuminate\Routing\Pipeline->Illuminate\Routing\{closure}(Object(Illuminate\Http\Request))
#21 /var/www/html/tannguyen/bootstrap/cache/compiled.php(2519): Illuminate\Pipeline\Pipeline->then(Object(Closure))
#22 /var/www/html/tannguyen/bootstrap/cache/compiled.php(2503): Illuminate\Foundation\Http\Kernel->sendRequestThroughRouter(Object(Illuminate\Http\Request))
#23 /var/www/html/tannguyen/public/index.php(53): Illuminate\Foundation\Http\Kernel->handle(Object(Illuminate\Http\Request))
#24 /var/www/html/tannguyen/server.php(21): require_once('/var/www/html/t...')
#25 {main}  
[2017-07-01 02:33:07] local.ERROR: RuntimeException: The only supported ciphers are AES-128-CBC and AES-256-CBC with the correct key lengths. in /var/www/html/tannguyen/bootstrap/cache/compiled.php:13520
Stack trace:
#0 /var/www/html/tannguyen/bootstrap/cache/compiled.php(7927): Illuminate\Encryption\Encrypter->__construct('', 'AES-256-CBC')
#1 /var/www/html/tannguyen/bootstrap/cache/compiled.php(1477): Illuminate\Encryption\EncryptionServiceProvider->Illuminate\Encryption\{closure}(Object(Illuminate\Foundation\Application), Array)
#2 /var/www/html/tannguyen/bootstrap/cache/compiled.php(1433): Illuminate\Container\Container->build(Object(Closure), Array)
#3 /var/www/html/tannguyen/bootstrap/cache/compiled.php(2011): Illuminate\Container\Container->make('encrypter', Array)
#4 /var/www/html/tannguyen/bootstrap/cache/compiled.php(1534): Illuminate\Foundation\Application->make('encrypter')
#5 /var/www/html/tannguyen/bootstrap/cache/compiled.php(1511): Illuminate\Container\Container->resolveClass(Object(ReflectionParameter))
#6 /var/www/html/tannguyen/bootstrap/cache/compiled.php(1497): Illuminate\Container\Container->getDependencies(Array, Array)
#7 /var/www/html/tannguyen/bootstrap/cache/compiled.php(1433): Illuminate\Container\Container->build('App\\Http\\Middle...', Array)
#8 /var/www/html/tannguyen/bootstrap/cache/compiled.php(2011): Illuminate\Container\Container->make('App\\Http\\Middle...', Array)
#9 /var/www/html/tannguyen/bootstrap/cache/compiled.php(2529): Illuminate\Foundation\Application->make('App\\Http\\Middle...')
#10 /var/www/html/tannguyen/public/index.php(58): Illuminate\Foundation\Http\Kernel->terminate(Object(Illuminate\Http\Request), Object(Illuminate\Http\Response))
#11 /var/www/html/tannguyen/server.php(21): require_once('/var/www/html/t...')
#12 {main}  
[2017-07-01 02:33:20] local.ERROR: PDOException: SQLSTATE[HY000] [1045] Access denied for user 'homestead'@'localhost' (using password: YES) in /var/www/html/tannguyen/vendor/doctrine/dbal/lib/Doctrine/DBAL/Driver/PDOConnection.php:43
Stack trace:
#0 /var/www/html/tannguyen/vendor/doctrine/dbal/lib/Doctrine/DBAL/Driver/PDOConnection.php(43): PDO->__construct('mysql:host=127....', 'homestead', 'secret', Array)
#1 /var/www/html/tannguyen/vendor/laravel/framework/src/Illuminate/Database/Connectors/Connector.php(116): Doctrine\DBAL\Driver\PDOConnection->__construct('mysql:host=127....', 'homestead', 'secret', Array)
#2 /var/www/html/tannguyen/vendor/laravel/framework/src/Illuminate/Database/Connectors/Connector.php(56): Illuminate\Database\Connectors\Connector->createPdoConnection('mysql:host=127....', 'homestead', 'secret', Array)
#3 /var/www/html/tannguyen/vendor/laravel/framework/src/Illuminate/Database/Connectors/MySqlConnector.php(24): Illuminate\Database\Connectors\Connector->createConnection('mysql:host=127....', Array, Array)
#4 /var/www/html/tannguyen/bootstrap/cache/compiled.php(12036): Illuminate\Database\Connectors\MySqlConnector->connect(Array)
#5 [internal function]: Illuminate\Database\Connectors\ConnectionFactory->Illuminate\Database\Connectors\{closure}()
#6 /var/www/html/tannguyen/vendor/laravel/framework/src/Illuminate/Database/Connection.php(965): call_user_func(Object(Closure))
#7 /var/www/html/tannguyen/vendor/laravel/framework/src/Illuminate/Database/Connection.php(986): Illuminate\Database\Connection->getPdo()
#8 /var/www/html/tannguyen/vendor/laravel/framework/src/Illuminate/Database/Connection.php(423): Illuminate\Database\Connection->getReadPdo()
#9 /var/www/html/tannguyen/vendor/laravel/framework/src/Illuminate/Database/Connection.php(333): Illuminate\Database\Connection->getPdoForSelect(true)
#10 /var/www/html/tannguyen/vendor/laravel/framework/src/Illuminate/Database/Connection.php(763): Illuminate\Database\Connection->Illuminate\Database\{closure}(Object(Illuminate\Database\MySqlConnection), 'select count(*)...', Array)
#11 /var/www/html/tannguyen/vendor/laravel/framework/src/Illuminate/Database/Connection.php(726): Illuminate\Database\Connection->runQueryCallback('select count(*)...', Array, Object(Closure))
#12 /var/www/html/tannguyen/vendor/laravel/framework/src/Illuminate/Database/Connection.php(351): Illuminate\Database\Connection->run('select count(*)...', Array, Object(Closure))
#13 /var/www/html/tannguyen/vendor/laravel/framework/src/Illuminate/Database/Query/Builder.php(1648): Illuminate\Database\Connection->select('select count(*)...', Array, true)
#14 /var/www/html/tannguyen/vendor/laravel/framework/src/Illuminate/Database/Query/Builder.php(1634): Illuminate\Database\Query\Builder->runSelect()
#15 /var/www/html/tannguyen/vendor/laravel/framework/src/Illuminate/Database/Query/Builder.php(1709): Illuminate\Database\Query\Builder->get()
#16 /var/www/html/tannguyen/vendor/laravel/framework/src/Illuminate/Database/Eloquent/Builder.php(500): Illuminate\Database\Query\Builder->getCountForPagination()
#17 /var/www/html/tannguyen/app/Http/Controllers/CampaignController.php(67): Illuminate\Database\Eloquent\Builder->paginate(3)
#18 [internal function]: App\Http\Controllers\CampaignController->index()
#19 /var/www/html/tannguyen/bootstrap/cache/compiled.php(9584): call_user_func_array(Array, Array)
#20 /var/www/html/tannguyen/bootstrap/cache/compiled.php(9611): Illuminate\Routing\Controller->callAction('index', Array)
#21 /var/www/html/tannguyen/bootstrap/cache/compiled.php(8665): Illuminate\Routing\ControllerDispatcher->dispatch(Object(Illuminate\Routing\Route), Object(App\Http\Controllers\CampaignController), 'index')
#22 /var/www/html/tannguyen/bootstrap/cache/compiled.php(8646): Illuminate\Routing\Route->runController()
#23 /var/www/html/tannguyen/bootstrap/cache/compiled.php(8355): Illuminate\Routing\Route->run(Object(Illuminate\Http\Request))
#24 /var/www/html/tannguyen/vendor/laravel/framework/src/Illuminate/Routing/Pipeline.php(53): Illuminate\Routing\Router->Illuminate\Routing\{closure}(Object(Illuminate\Http\Request))
#25 /var/www/html/tannguyen/app/Http/Middleware/SetLocale.php(34): Illuminate\Routing\Pipeline->Illuminate\Routing\{closure}(Object(Illuminate\Http\Request))
#26 /var/www/html/tannguyen/bootstrap/cache/compiled.php(10069): App\Http\Middleware\SetLocale->handle(Object(Illuminate\Http\Request), Object(Closure))
#27 /var/www/html/tannguyen/vendor/laravel/framework/src/Illuminate/Routing/Pipeline.php(33): Illuminate\Pipeline\Pipeline->Illuminate\Pipeline\{closure}(Object(Illuminate\Http\Request))
#28 /var/www/html/tannguyen/bootstrap/cache/compiled.php(10177): Illuminate\Routing\Pipeline->Illuminate\Routing\{closure}(Object(Illuminate\Http\Request))
#29 /var/www/html/tannguyen/bootstrap/cache/compiled.php(10069): Illuminate\Routing\Middleware\SubstituteBindings->handle(Object(Illuminate\Http\Request), Object(Closure))
#30 /var/www/html/tannguyen/vendor/laravel/framework/src/Illuminate/Routing/Pipeline.php(33): Illuminate\Pipeline\Pipeline->Illuminate\Pipeline\{closure}(Object(Illuminate\Http\Request))
#31 /var/www/html/tannguyen/bootstrap/cache/compiled.php(3312): Illuminate\Routing\Pipeline->Illuminate\Routing\{closure}(Object(Illuminate\Http\Request))
#32 /var/www/html/tannguyen/bootstrap/cache/compiled.php(10069): Illuminate\Foundation\Http\Middleware\VerifyCsrfToken->handle(Object(Illuminate\Http\Request), Object(Closure))
#33 /var/www/html/tannguyen/vendor/laravel/framework/src/Illuminate/Routing/Pipeline.php(33): Illuminate\Pipeline\Pipeline->Illuminate\Pipeline\{closure}(Object(Illuminate\Http\Request))
#34 /var/www/html/tannguyen/bootstrap/cache/compiled.php(13749): Illuminate\Routing\Pipeline->Illuminate\Routing\{closure}(Object(Illuminate\Http\Request))
#35 /var/www/html/tannguyen/bootstrap/cache/compiled.php(10069): Illuminate\View\Middleware\ShareErrorsFromSession->handle(Object(Illuminate\Http\Request), Object(Closure))
#36 /var/www/html/tannguyen/vendor/laravel/framework/src/Illuminate/Routing/Pipeline.php(33): Illuminate\Pipeline\Pipeline->Illuminate\Pipeline\{closure}(Object(Illuminate\Http\Request))
#37 /var/www/html/tannguyen/bootstrap/cache/compiled.php(12155): Illuminate\Routing\Pipeline->Illuminate\Routing\{closure}(Object(Illuminate\Http\Request))
#38 /var/www/html/tannguyen/bootstrap/cache/compiled.php(10069): Illuminate\Session\Middleware\StartSession->handle(Object(Illuminate\Http\Request), Object(Closure))
#39 /var/www/html/tannguyen/vendor/laravel/framework/src/Illuminate/Routing/Pipeline.php(33): Illuminate\Pipeline\Pipeline->Illuminate\Pipeline\{closure}(Object(Illuminate\Http\Request))
#40 /var/www/html/tannguyen/bootstrap/cache/compiled.php(13495): Illuminate\Routing\Pipeline->Illuminate\Routing\{closure}(Object(Illuminate\Http\Request))
#41 /var/www/html/tannguyen/bootstrap/cache/compiled.php(10069): Illuminate\Cookie\Middleware\AddQueuedCookiesToResponse->handle(Object(Illuminate\Http\Request), Object(Closure))
#42 /var/www/html/tannguyen/vendor/laravel/framework/src/Illuminate/Routing/Pipeline.php(33): Illuminate\Pipeline\Pipeline->Illuminate\Pipeline\{closure}(Object(Illuminate\Http\Request))
#43 /var/www/html/tannguyen/bootstrap/cache/compiled.php(13432): Illuminate\Routing\Pipeline->Illuminate\Routing\{closure}(Object(Illuminate\Http\Request))
#44 /var/www/html/tannguyen/bootstrap/cache/compiled.php(10069): Illuminate\Cookie\Middleware\EncryptCookies->handle(Object(Illuminate\Http\Request), Object(Closure))
#45 /var/www/html/tannguyen/vendor/laravel/framework/src/Illuminate/Routing/Pipeline.php(33): Illuminate\Pipeline\Pipeline->Illuminate\Pipeline\{closure}(Object(Illuminate\Http\Request))
#46 /var/www/html/tannguyen/bootstrap/cache/compiled.php(10054): Illuminate\Routing\Pipeline->Illuminate\Routing\{closure}(Object(Illuminate\Http\Request))
#47 /var/www/html/tannguyen/bootstrap/cache/compiled.php(8356): Illuminate\Pipeline\Pipeline->then(Object(Closure))
#48 /var/www/html/tannguyen/bootstrap/cache/compiled.php(8347): Illuminate\Routing\Router->runRouteWithinStack(Object(Illuminate\Routing\Route), Object(Illuminate\Http\Request))
#49 /var/www/html/tannguyen/bootstrap/cache/compiled.php(8338): Illuminate\Routing\Router->dispatchToRoute(Object(Illuminate\Http\Request))
#50 /var/www/html/tannguyen/bootstrap/cache/compiled.php(2575): Illuminate\Routing\Router->dispatch(Object(Illuminate\Http\Request))
#51 /var/www/html/tannguyen/vendor/laravel/framework/src/Illuminate/Routing/Pipeline.php(53): Illuminate\Foundation\Http\Kernel->Illuminate\Foundation\Http\{closure}(Object(Illuminate\Http\Request))
#52 /var/www/html/tannguyen/bootstrap/cache/compiled.php(3374): Illuminate\Routing\Pipeline->Illuminate\Routing\{closure}(Object(Illuminate\Http\Request))
#53 /var/www/html/tannguyen/bootstrap/cache/compiled.php(10069): Illuminate\Foundation\Http\Middleware\CheckForMaintenanceMode->handle(Object(Illuminate\Http\Request), Object(Closure))
#54 /var/www/html/tannguyen/vendor/laravel/framework/src/Illuminate/Routing/Pipeline.php(33): Illuminate\Pipeline\Pipeline->Illuminate\Pipeline\{closure}(Object(Illuminate\Http\Request))
#55 /var/www/html/tannguyen/bootstrap/cache/compiled.php(10054): Illuminate\Routing\Pipeline->Illuminate\Routing\{closure}(Object(Illuminate\Http\Request))
#56 /var/www/html/tannguyen/bootstrap/cache/compiled.php(2519): Illuminate\Pipeline\Pipeline->then(Object(Closure))
#57 /var/www/html/tannguyen/bootstrap/cache/compiled.php(2503): Illuminate\Foundation\Http\Kernel->sendRequestThroughRouter(Object(Illuminate\Http\Request))
#58 /var/www/html/tannguyen/public/index.php(53): Illuminate\Foundation\Http\Kernel->handle(Object(Illuminate\Http\Request))
#59 /var/www/html/tannguyen/server.php(21): require_once('/var/www/html/t...')
#60 {main}

Next Doctrine\DBAL\Driver\PDOException: SQLSTATE[HY000] [1045] Access denied for user 'homestead'@'localhost' (using password: YES) in /var/www/html/tannguyen/vendor/doctrine/dbal/lib/Doctrine/DBAL/Driver/PDOConnection.php:47
Stack trace:
#0 /var/www/html/tannguyen/vendor/laravel/framework/src/Illuminate/Database/Connectors/Connector.php(116): Doctrine\DBAL\Driver\PDOConnection->__construct('mysql:host=127....', 'homestead', 'secret', Array)
#1 /var/www/html/tannguyen/vendor/laravel/framework/src/Illuminate/Database/Connectors/Connector.php(56): Illuminate\Database\Connectors\Connector->createPdoConnection('mysql:host=127....', 'homestead', 'secret', Array)
#2 /var/www/html/tannguyen/vendor/laravel/framework/src/Illuminate/Database/Connectors/MySqlConnector.php(24): Illuminate\Database\Connectors\Connector->createConnection('mysql:host=127....', Array, Array)
#3 /var/www/html/tannguyen/bootstrap/cache/compiled.php(12036): Illuminate\Database\Connectors\MySqlConnector->connect(Array)
#4 [internal function]: Illuminate\Database\Connectors\ConnectionFactory->Illuminate\Database\Connectors\{closure}()
#5 /var/www/html/tannguyen/vendor/laravel/framework/src/Illuminate/Database/Connection.php(965): call_user_func(Object(Closure))
#6 /var/www/html/tannguyen/vendor/laravel/framework/src/Illuminate/Database/Connection.php(986): Illuminate\Database\Connection->getPdo()
#7 /var/www/html/tannguyen/vendor/laravel/framework/src/Illuminate/Database/Connection.php(423): Illuminate\Database\Connection->getReadPdo()
#8 /var/www/html/tannguyen/vendor/laravel/framework/src/Illuminate/Database/Connection.php(333): Illuminate\Database\Connection->getPdoForSelect(true)
#9 /var/www/html/tannguyen/vendor/laravel/framework/src/Illuminate/Database/Connection.php(763): Illuminate\Database\Connection->Illuminate\Database\{closure}(Object(Illuminate\Database\MySqlConnection), 'select count(*)...', Array)
#10 /var/www/html/tannguyen/vendor/laravel/framework/src/Illuminate/Database/Connection.php(726): Illuminate\Database\Connection->runQueryCallback('select count(*)...', Array, Object(Closure))
#11 /var/www/html/tannguyen/vendor/laravel/framework/src/Illuminate/Database/Connection.php(351): Illuminate\Database\Connection->run('select count(*)...', Array, Object(Closure))
#12 /var/www/html/tannguyen/vendor/laravel/framework/src/Illuminate/Database/Query/Builder.php(1648): Illuminate\Database\Connection->select('select count(*)...', Array, true)
#13 /var/www/html/tannguyen/vendor/laravel/framework/src/Illuminate/Database/Query/Builder.php(1634): Illuminate\Database\Query\Builder->runSelect()
#14 /var/www/html/tannguyen/vendor/laravel/framework/src/Illuminate/Database/Query/Builder.php(1709): Illuminate\Database\Query\Builder->get()
#15 /var/www/html/tannguyen/vendor/laravel/framework/src/Illuminate/Database/Eloquent/Builder.php(500): Illuminate\Database\Query\Builder->getCountForPagination()
#16 /var/www/html/tannguyen/app/Http/Controllers/CampaignController.php(67): Illuminate\Database\Eloquent\Builder->paginate(3)
#17 [internal function]: App\Http\Controllers\CampaignController->index()
#18 /var/www/html/tannguyen/bootstrap/cache/compiled.php(9584): call_user_func_array(Array, Array)
#19 /var/www/html/tannguyen/bootstrap/cache/compiled.php(9611): Illuminate\Routing\Controller->callAction('index', Array)
#20 /var/www/html/tannguyen/bootstrap/cache/compiled.php(8665): Illuminate\Routing\ControllerDispatcher->dispatch(Object(Illuminate\Routing\Route), Object(App\Http\Controllers\CampaignController), 'index')
#21 /var/www/html/tannguyen/bootstrap/cache/compiled.php(8646): Illuminate\Routing\Route->runController()
#22 /var/www/html/tannguyen/bootstrap/cache/compiled.php(8355): Illuminate\Routing\Route->run(Object(Illuminate\Http\Request))
#23 /var/www/html/tannguyen/vendor/laravel/framework/src/Illuminate/Routing/Pipeline.php(53): Illuminate\Routing\Router->Illuminate\Routing\{closure}(Object(Illuminate\Http\Request))
#24 /var/www/html/tannguyen/app/Http/Middleware/SetLocale.php(34): Illuminate\Routing\Pipeline->Illuminate\Routing\{closure}(Object(Illuminate\Http\Request))
#25 /var/www/html/tannguyen/bootstrap/cache/compiled.php(10069): App\Http\Middleware\SetLocale->handle(Object(Illuminate\Http\Request), Object(Closure))
#26 /var/www/html/tannguyen/vendor/laravel/framework/src/Illuminate/Routing/Pipeline.php(33): Illuminate\Pipeline\Pipeline->Illuminate\Pipeline\{closure}(Object(Illuminate\Http\Request))
#27 /var/www/html/tannguyen/bootstrap/cache/compiled.php(10177): Illuminate\Routing\Pipeline->Illuminate\Routing\{closure}(Object(Illuminate\Http\Request))
#28 /var/www/html/tannguyen/bootstrap/cache/compiled.php(10069): Illuminate\Routing\Middleware\SubstituteBindings->handle(Object(Illuminate\Http\Request), Object(Closure))
#29 /var/www/html/tannguyen/vendor/laravel/framework/src/Illuminate/Routing/Pipeline.php(33): Illuminate\Pipeline\Pipeline->Illuminate\Pipeline\{closure}(Object(Illuminate\Http\Request))
#30 /var/www/html/tannguyen/bootstrap/cache/compiled.php(3312): Illuminate\Routing\Pipeline->Illuminate\Routing\{closure}(Object(Illuminate\Http\Request))
#31 /var/www/html/tannguyen/bootstrap/cache/compiled.php(10069): Illuminate\Foundation\Http\Middleware\VerifyCsrfToken->handle(Object(Illuminate\Http\Request), Object(Closure))
#32 /var/www/html/tannguyen/vendor/laravel/framework/src/Illuminate/Routing/Pipeline.php(33): Illuminate\Pipeline\Pipeline->Illuminate\Pipeline\{closure}(Object(Illuminate\Http\Request))
#33 /var/www/html/tannguyen/bootstrap/cache/compiled.php(13749): Illuminate\Routing\Pipeline->Illuminate\Routing\{closure}(Object(Illuminate\Http\Request))
#34 /var/www/html/tannguyen/bootstrap/cache/compiled.php(10069): Illuminate\View\Middleware\ShareErrorsFromSession->handle(Object(Illuminate\Http\Request), Object(Closure))
#35 /var/www/html/tannguyen/vendor/laravel/framework/src/Illuminate/Routing/Pipeline.php(33): Illuminate\Pipeline\Pipeline->Illuminate\Pipeline\{closure}(Object(Illuminate\Http\Request))
#36 /var/www/html/tannguyen/bootstrap/cache/compiled.php(12155): Illuminate\Routing\Pipeline->Illuminate\Routing\{closure}(Object(Illuminate\Http\Request))
#37 /var/www/html/tannguyen/bootstrap/cache/compiled.php(10069): Illuminate\Session\Middleware\StartSession->handle(Object(Illuminate\Http\Request), Object(Closure))
#38 /var/www/html/tannguyen/vendor/laravel/framework/src/Illuminate/Routing/Pipeline.php(33): Illuminate\Pipeline\Pipeline->Illuminate\Pipeline\{closure}(Object(Illuminate\Http\Request))
#39 /var/www/html/tannguyen/bootstrap/cache/compiled.php(13495): Illuminate\Routing\Pipeline->Illuminate\Routing\{closure}(Object(Illuminate\Http\Request))
#40 /var/www/html/tannguyen/bootstrap/cache/compiled.php(10069): Illuminate\Cookie\Middleware\AddQueuedCookiesToResponse->handle(Object(Illuminate\Http\Request), Object(Closure))
#41 /var/www/html/tannguyen/vendor/laravel/framework/src/Illuminate/Routing/Pipeline.php(33): Illuminate\Pipeline\Pipeline->Illuminate\Pipeline\{closure}(Object(Illuminate\Http\Request))
#42 /var/www/html/tannguyen/bootstrap/cache/compiled.php(13432): Illuminate\Routing\Pipeline->Illuminate\Routing\{closure}(Object(Illuminate\Http\Request))
#43 /var/www/html/tannguyen/bootstrap/cache/compiled.php(10069): Illuminate\Cookie\Middleware\EncryptCookies->handle(Object(Illuminate\Http\Request), Object(Closure))
#44 /var/www/html/tannguyen/vendor/laravel/framework/src/Illuminate/Routing/Pipeline.php(33): Illuminate\Pipeline\Pipeline->Illuminate\Pipeline\{closure}(Object(Illuminate\Http\Request))
#45 /var/www/html/tannguyen/bootstrap/cache/compiled.php(10054): Illuminate\Routing\Pipeline->Illuminate\Routing\{closure}(Object(Illuminate\Http\Request))
#46 /var/www/html/tannguyen/bootstrap/cache/compiled.php(8356): Illuminate\Pipeline\Pipeline->then(Object(Closure))
#47 /var/www/html/tannguyen/bootstrap/cache/compiled.php(8347): Illuminate\Routing\Router->runRouteWithinStack(Object(Illuminate\Routing\Route), Object(Illuminate\Http\Request))
#48 /var/www/html/tannguyen/bootstrap/cache/compiled.php(8338): Illuminate\Routing\Router->dispatchToRoute(Object(Illuminate\Http\Request))
#49 /var/www/html/tannguyen/bootstrap/cache/compiled.php(2575): Illuminate\Routing\Router->dispatch(Object(Illuminate\Http\Request))
#50 /var/www/html/tannguyen/vendor/laravel/framework/src/Illuminate/Routing/Pipeline.php(53): Illuminate\Foundation\Http\Kernel->Illuminate\Foundation\Http\{closure}(Object(Illuminate\Http\Request))
#51 /var/www/html/tannguyen/bootstrap/cache/compiled.php(3374): Illuminate\Routing\Pipeline->Illuminate\Routing\{closure}(Object(Illuminate\Http\Request))
#52 /var/www/html/tannguyen/bootstrap/cache/compiled.php(10069): Illuminate\Foundation\Http\Middleware\CheckForMaintenanceMode->handle(Object(Illuminate\Http\Request), Object(Closure))
#53 /var/www/html/tannguyen/vendor/laravel/framework/src/Illuminate/Routing/Pipeline.php(33): Illuminate\Pipeline\Pipeline->Illuminate\Pipeline\{closure}(Object(Illuminate\Http\Request))
#54 /var/www/html/tannguyen/bootstrap/cache/compiled.php(10054): Illuminate\Routing\Pipeline->Illuminate\Routing\{closure}(Object(Illuminate\Http\Request))
#55 /var/www/html/tannguyen/bootstrap/cache/compiled.php(2519): Illuminate\Pipeline\Pipeline->then(Object(Closure))
#56 /var/www/html/tannguyen/bootstrap/cache/compiled.php(2503): Illuminate\Foundation\Http\Kernel->sendRequestThroughRouter(Object(Illuminate\Http\Request))
#57 /var/www/html/tannguyen/public/index.php(53): Illuminate\Foundation\Http\Kernel->handle(Object(Illuminate\Http\Request))
#58 /var/www/html/tannguyen/server.php(21): require_once('/var/www/html/t...')
#59 {main}  
[2017-07-01 02:33:20] local.ERROR: PDOException: SQLSTATE[HY000] [1045] Access denied for user 'homestead'@'localhost' (using password: YES) in /var/www/html/tannguyen/vendor/doctrine/dbal/lib/Doctrine/DBAL/Driver/PDOConnection.php:43
Stack trace:
#0 /var/www/html/tannguyen/vendor/doctrine/dbal/lib/Doctrine/DBAL/Driver/PDOConnection.php(43): PDO->__construct('mysql:host=127....', 'homestead', 'secret', Array)
#1 /var/www/html/tannguyen/vendor/laravel/framework/src/Illuminate/Database/Connectors/Connector.php(116): Doctrine\DBAL\Driver\PDOConnection->__construct('mysql:host=127....', 'homestead', 'secret', Array)
#2 /var/www/html/tannguyen/vendor/laravel/framework/src/Illuminate/Database/Connectors/Connector.php(56): Illuminate\Database\Connectors\Connector->createPdoConnection('mysql:host=127....', 'homestead', 'secret', Array)
#3 /var/www/html/tannguyen/vendor/laravel/framework/src/Illuminate/Database/Connectors/MySqlConnector.php(24): Illuminate\Database\Connectors\Connector->createConnection('mysql:host=127....', Array, Array)
#4 /var/www/html/tannguyen/bootstrap/cache/compiled.php(12036): Illuminate\Database\Connectors\MySqlConnector->connect(Array)
#5 [internal function]: Illuminate\Database\Connectors\ConnectionFactory->Illuminate\Database\Connectors\{closure}()
#6 /var/www/html/tannguyen/vendor/laravel/framework/src/Illuminate/Database/Connection.php(965): call_user_func(Object(Closure))
#7 /var/www/html/tannguyen/vendor/laravel/framework/src/Illuminate/Database/Connection.php(986): Illuminate\Database\Connection->getPdo()
#8 /var/www/html/tannguyen/vendor/laravel/framework/src/Illuminate/Database/Connection.php(423): Illuminate\Database\Connection->getReadPdo()
#9 /var/www/html/tannguyen/vendor/laravel/framework/src/Illuminate/Database/Connection.php(333): Illuminate\Database\Connection->getPdoForSelect(true)
#10 /var/www/html/tannguyen/vendor/laravel/framework/src/Illuminate/Database/Connection.php(763): Illuminate\Database\Connection->Illuminate\Database\{closure}(Object(Illuminate\Database\MySqlConnection), 'select count(*)...', Array)
#11 /var/www/html/tannguyen/vendor/laravel/framework/src/Illuminate/Database/Connection.php(726): Illuminate\Database\Connection->runQueryCallback('select count(*)...', Array, Object(Closure))
#12 /var/www/html/tannguyen/vendor/laravel/framework/src/Illuminate/Database/Connection.php(351): Illuminate\Database\Connection->run('select count(*)...', Array, Object(Closure))
#13 /var/www/html/tannguyen/vendor/laravel/framework/src/Illuminate/Database/Query/Builder.php(1648): Illuminate\Database\Connection->select('select count(*)...', Array, true)
#14 /var/www/html/tannguyen/vendor/laravel/framework/src/Illuminate/Database/Query/Builder.php(1634): Illuminate\Database\Query\Builder->runSelect()
#15 /var/www/html/tannguyen/vendor/laravel/framework/src/Illuminate/Database/Query/Builder.php(1709): Illuminate\Database\Query\Builder->get()
#16 /var/www/html/tannguyen/vendor/laravel/framework/src/Illuminate/Database/Eloquent/Builder.php(500): Illuminate\Database\Query\Builder->getCountForPagination()
#17 /var/www/html/tannguyen/app/Http/Controllers/CampaignController.php(67): Illuminate\Database\Eloquent\Builder->paginate(3)
#18 [internal function]: App\Http\Controllers\CampaignController->index()
#19 /var/www/html/tannguyen/bootstrap/cache/compiled.php(9584): call_user_func_array(Array, Array)
#20 /var/www/html/tannguyen/bootstrap/cache/compiled.php(9611): Illuminate\Routing\Controller->callAction('index', Array)
#21 /var/www/html/tannguyen/bootstrap/cache/compiled.php(8665): Illuminate\Routing\ControllerDispatcher->dispatch(Object(Illuminate\Routing\Route), Object(App\Http\Controllers\CampaignController), 'index')
#22 /var/www/html/tannguyen/bootstrap/cache/compiled.php(8646): Illuminate\Routing\Route->runController()
#23 /var/www/html/tannguyen/bootstrap/cache/compiled.php(8355): Illuminate\Routing\Route->run(Object(Illuminate\Http\Request))
#24 /var/www/html/tannguyen/vendor/laravel/framework/src/Illuminate/Routing/Pipeline.php(53): Illuminate\Routing\Router->Illuminate\Routing\{closure}(Object(Illuminate\Http\Request))
#25 /var/www/html/tannguyen/app/Http/Middleware/SetLocale.php(34): Illuminate\Routing\Pipeline->Illuminate\Routing\{closure}(Object(Illuminate\Http\Request))
#26 /var/www/html/tannguyen/bootstrap/cache/compiled.php(10069): App\Http\Middleware\SetLocale->handle(Object(Illuminate\Http\Request), Object(Closure))
#27 /var/www/html/tannguyen/vendor/laravel/framework/src/Illuminate/Routing/Pipeline.php(33): Illuminate\Pipeline\Pipeline->Illuminate\Pipeline\{closure}(Object(Illuminate\Http\Request))
#28 /var/www/html/tannguyen/bootstrap/cache/compiled.php(10177): Illuminate\Routing\Pipeline->Illuminate\Routing\{closure}(Object(Illuminate\Http\Request))
#29 /var/www/html/tannguyen/bootstrap/cache/compiled.php(10069): Illuminate\Routing\Middleware\SubstituteBindings->handle(Object(Illuminate\Http\Request), Object(Closure))
#30 /var/www/html/tannguyen/vendor/laravel/framework/src/Illuminate/Routing/Pipeline.php(33): Illuminate\Pipeline\Pipeline->Illuminate\Pipeline\{closure}(Object(Illuminate\Http\Request))
#31 /var/www/html/tannguyen/bootstrap/cache/compiled.php(3312): Illuminate\Routing\Pipeline->Illuminate\Routing\{closure}(Object(Illuminate\Http\Request))
#32 /var/www/html/tannguyen/bootstrap/cache/compiled.php(10069): Illuminate\Foundation\Http\Middleware\VerifyCsrfToken->handle(Object(Illuminate\Http\Request), Object(Closure))
#33 /var/www/html/tannguyen/vendor/laravel/framework/src/Illuminate/Routing/Pipeline.php(33): Illuminate\Pipeline\Pipeline->Illuminate\Pipeline\{closure}(Object(Illuminate\Http\Request))
#34 /var/www/html/tannguyen/bootstrap/cache/compiled.php(13749): Illuminate\Routing\Pipeline->Illuminate\Routing\{closure}(Object(Illuminate\Http\Request))
#35 /var/www/html/tannguyen/bootstrap/cache/compiled.php(10069): Illuminate\View\Middleware\ShareErrorsFromSession->handle(Object(Illuminate\Http\Request), Object(Closure))
#36 /var/www/html/tannguyen/vendor/laravel/framework/src/Illuminate/Routing/Pipeline.php(33): Illuminate\Pipeline\Pipeline->Illuminate\Pipeline\{closure}(Object(Illuminate\Http\Request))
#37 /var/www/html/tannguyen/bootstrap/cache/compiled.php(12155): Illuminate\Routing\Pipeline->Illuminate\Routing\{closure}(Object(Illuminate\Http\Request))
#38 /var/www/html/tannguyen/bootstrap/cache/compiled.php(10069): Illuminate\Session\Middleware\StartSession->handle(Object(Illuminate\Http\Request), Object(Closure))
#39 /var/www/html/tannguyen/vendor/laravel/framework/src/Illuminate/Routing/Pipeline.php(33): Illuminate\Pipeline\Pipeline->Illuminate\Pipeline\{closure}(Object(Illuminate\Http\Request))
#40 /var/www/html/tannguyen/bootstrap/cache/compiled.php(13495): Illuminate\Routing\Pipeline->Illuminate\Routing\{closure}(Object(Illuminate\Http\Request))
#41 /var/www/html/tannguyen/bootstrap/cache/compiled.php(10069): Illuminate\Cookie\Middleware\AddQueuedCookiesToResponse->handle(Object(Illuminate\Http\Request), Object(Closure))
#42 /var/www/html/tannguyen/vendor/laravel/framework/src/Illuminate/Routing/Pipeline.php(33): Illuminate\Pipeline\Pipeline->Illuminate\Pipeline\{closure}(Object(Illuminate\Http\Request))
#43 /var/www/html/tannguyen/bootstrap/cache/compiled.php(13432): Illuminate\Routing\Pipeline->Illuminate\Routing\{closure}(Object(Illuminate\Http\Request))
#44 /var/www/html/tannguyen/bootstrap/cache/compiled.php(10069): Illuminate\Cookie\Middleware\EncryptCookies->handle(Object(Illuminate\Http\Request), Object(Closure))
#45 /var/www/html/tannguyen/vendor/laravel/framework/src/Illuminate/Routing/Pipeline.php(33): Illuminate\Pipeline\Pipeline->Illuminate\Pipeline\{closure}(Object(Illuminate\Http\Request))
#46 /var/www/html/tannguyen/bootstrap/cache/compiled.php(10054): Illuminate\Routing\Pipeline->Illuminate\Routing\{closure}(Object(Illuminate\Http\Request))
#47 /var/www/html/tannguyen/bootstrap/cache/compiled.php(8356): Illuminate\Pipeline\Pipeline->then(Object(Closure))
#48 /var/www/html/tannguyen/bootstrap/cache/compiled.php(8347): Illuminate\Routing\Router->runRouteWithinStack(Object(Illuminate\Routing\Route), Object(Illuminate\Http\Request))
#49 /var/www/html/tannguyen/bootstrap/cache/compiled.php(8338): Illuminate\Routing\Router->dispatchToRoute(Object(Illuminate\Http\Request))
#50 /var/www/html/tannguyen/bootstrap/cache/compiled.php(2575): Illuminate\Routing\Router->dispatch(Object(Illuminate\Http\Request))
#51 /var/www/html/tannguyen/vendor/laravel/framework/src/Illuminate/Routing/Pipeline.php(53): Illuminate\Foundation\Http\Kernel->Illuminate\Foundation\Http\{closure}(Object(Illuminate\Http\Request))
#52 /var/www/html/tannguyen/bootstrap/cache/compiled.php(3374): Illuminate\Routing\Pipeline->Illuminate\Routing\{closure}(Object(Illuminate\Http\Request))
#53 /var/www/html/tannguyen/bootstrap/cache/compiled.php(10069): Illuminate\Foundation\Http\Middleware\CheckForMaintenanceMode->handle(Object(Illuminate\Http\Request), Object(Closure))
#54 /var/www/html/tannguyen/vendor/laravel/framework/src/Illuminate/Routing/Pipeline.php(33): Illuminate\Pipeline\Pipeline->Illuminate\Pipeline\{closure}(Object(Illuminate\Http\Request))
#55 /var/www/html/tannguyen/bootstrap/cache/compiled.php(10054): Illuminate\Routing\Pipeline->Illuminate\Routing\{closure}(Object(Illuminate\Http\Request))
#56 /var/www/html/tannguyen/bootstrap/cache/compiled.php(2519): Illuminate\Pipeline\Pipeline->then(Object(Closure))
#57 /var/www/html/tannguyen/bootstrap/cache/compiled.php(2503): Illuminate\Foundation\Http\Kernel->sendRequestThroughRouter(Object(Illuminate\Http\Request))
#58 /var/www/html/tannguyen/public/index.php(53): Illuminate\Foundation\Http\Kernel->handle(Object(Illuminate\Http\Request))
#59 /var/www/html/tannguyen/server.php(21): require_once('/var/www/html/t...')
#60 {main}

Next Doctrine\DBAL\Driver\PDOException: SQLSTATE[HY000] [1045] Access denied for user 'homestead'@'localhost' (using password: YES) in /var/www/html/tannguyen/vendor/doctrine/dbal/lib/Doctrine/DBAL/Driver/PDOConnection.php:47
Stack trace:
#0 /var/www/html/tannguyen/vendor/laravel/framework/src/Illuminate/Database/Connectors/Connector.php(116): Doctrine\DBAL\Driver\PDOConnection->__construct('mysql:host=127....', 'homestead', 'secret', Array)
#1 /var/www/html/tannguyen/vendor/laravel/framework/src/Illuminate/Database/Connectors/Connector.php(56): Illuminate\Database\Connectors\Connector->createPdoConnection('mysql:host=127....', 'homestead', 'secret', Array)
#2 /var/www/html/tannguyen/vendor/laravel/framework/src/Illuminate/Database/Connectors/MySqlConnector.php(24): Illuminate\Database\Connectors\Connector->createConnection('mysql:host=127....', Array, Array)
#3 /var/www/html/tannguyen/bootstrap/cache/compiled.php(12036): Illuminate\Database\Connectors\MySqlConnector->connect(Array)
#4 [internal function]: Illuminate\Database\Connectors\ConnectionFactory->Illuminate\Database\Connectors\{closure}()
#5 /var/www/html/tannguyen/vendor/laravel/framework/src/Illuminate/Database/Connection.php(965): call_user_func(Object(Closure))
#6 /var/www/html/tannguyen/vendor/laravel/framework/src/Illuminate/Database/Connection.php(986): Illuminate\Database\Connection->getPdo()
#7 /var/www/html/tannguyen/vendor/laravel/framework/src/Illuminate/Database/Connection.php(423): Illuminate\Database\Connection->getReadPdo()
#8 /var/www/html/tannguyen/vendor/laravel/framework/src/Illuminate/Database/Connection.php(333): Illuminate\Database\Connection->getPdoForSelect(true)
#9 /var/www/html/tannguyen/vendor/laravel/framework/src/Illuminate/Database/Connection.php(763): Illuminate\Database\Connection->Illuminate\Database\{closure}(Object(Illuminate\Database\MySqlConnection), 'select count(*)...', Array)
#10 /var/www/html/tannguyen/vendor/laravel/framework/src/Illuminate/Database/Connection.php(726): Illuminate\Database\Connection->runQueryCallback('select count(*)...', Array, Object(Closure))
#11 /var/www/html/tannguyen/vendor/laravel/framework/src/Illuminate/Database/Connection.php(351): Illuminate\Database\Connection->run('select count(*)...', Array, Object(Closure))
#12 /var/www/html/tannguyen/vendor/laravel/framework/src/Illuminate/Database/Query/Builder.php(1648): Illuminate\Database\Connection->select('select count(*)...', Array, true)
#13 /var/www/html/tannguyen/vendor/laravel/framework/src/Illuminate/Database/Query/Builder.php(1634): Illuminate\Database\Query\Builder->runSelect()
#14 /var/www/html/tannguyen/vendor/laravel/framework/src/Illuminate/Database/Query/Builder.php(1709): Illuminate\Database\Query\Builder->get()
#15 /var/www/html/tannguyen/vendor/laravel/framework/src/Illuminate/Database/Eloquent/Builder.php(500): Illuminate\Database\Query\Builder->getCountForPagination()
#16 /var/www/html/tannguyen/app/Http/Controllers/CampaignController.php(67): Illuminate\Database\Eloquent\Builder->paginate(3)
#17 [internal function]: App\Http\Controllers\CampaignController->index()
#18 /var/www/html/tannguyen/bootstrap/cache/compiled.php(9584): call_user_func_array(Array, Array)
#19 /var/www/html/tannguyen/bootstrap/cache/compiled.php(9611): Illuminate\Routing\Controller->callAction('index', Array)
#20 /var/www/html/tannguyen/bootstrap/cache/compiled.php(8665): Illuminate\Routing\ControllerDispatcher->dispatch(Object(Illuminate\Routing\Route), Object(App\Http\Controllers\CampaignController), 'index')
#21 /var/www/html/tannguyen/bootstrap/cache/compiled.php(8646): Illuminate\Routing\Route->runController()
#22 /var/www/html/tannguyen/bootstrap/cache/compiled.php(8355): Illuminate\Routing\Route->run(Object(Illuminate\Http\Request))
#23 /var/www/html/tannguyen/vendor/laravel/framework/src/Illuminate/Routing/Pipeline.php(53): Illuminate\Routing\Router->Illuminate\Routing\{closure}(Object(Illuminate\Http\Request))
#24 /var/www/html/tannguyen/app/Http/Middleware/SetLocale.php(34): Illuminate\Routing\Pipeline->Illuminate\Routing\{closure}(Object(Illuminate\Http\Request))
#25 /var/www/html/tannguyen/bootstrap/cache/compiled.php(10069): App\Http\Middleware\SetLocale->handle(Object(Illuminate\Http\Request), Object(Closure))
#26 /var/www/html/tannguyen/vendor/laravel/framework/src/Illuminate/Routing/Pipeline.php(33): Illuminate\Pipeline\Pipeline->Illuminate\Pipeline\{closure}(Object(Illuminate\Http\Request))
#27 /var/www/html/tannguyen/bootstrap/cache/compiled.php(10177): Illuminate\Routing\Pipeline->Illuminate\Routing\{closure}(Object(Illuminate\Http\Request))
#28 /var/www/html/tannguyen/bootstrap/cache/compiled.php(10069): Illuminate\Routing\Middleware\SubstituteBindings->handle(Object(Illuminate\Http\Request), Object(Closure))
#29 /var/www/html/tannguyen/vendor/laravel/framework/src/Illuminate/Routing/Pipeline.php(33): Illuminate\Pipeline\Pipeline->Illuminate\Pipeline\{closure}(Object(Illuminate\Http\Request))
#30 /var/www/html/tannguyen/bootstrap/cache/compiled.php(3312): Illuminate\Routing\Pipeline->Illuminate\Routing\{closure}(Object(Illuminate\Http\Request))
#31 /var/www/html/tannguyen/bootstrap/cache/compiled.php(10069): Illuminate\Foundation\Http\Middleware\VerifyCsrfToken->handle(Object(Illuminate\Http\Request), Object(Closure))
#32 /var/www/html/tannguyen/vendor/laravel/framework/src/Illuminate/Routing/Pipeline.php(33): Illuminate\Pipeline\Pipeline->Illuminate\Pipeline\{closure}(Object(Illuminate\Http\Request))
#33 /var/www/html/tannguyen/bootstrap/cache/compiled.php(13749): Illuminate\Routing\Pipeline->Illuminate\Routing\{closure}(Object(Illuminate\Http\Request))
#34 /var/www/html/tannguyen/bootstrap/cache/compiled.php(10069): Illuminate\View\Middleware\ShareErrorsFromSession->handle(Object(Illuminate\Http\Request), Object(Closure))
#35 /var/www/html/tannguyen/vendor/laravel/framework/src/Illuminate/Routing/Pipeline.php(33): Illuminate\Pipeline\Pipeline->Illuminate\Pipeline\{closure}(Object(Illuminate\Http\Request))
#36 /var/www/html/tannguyen/bootstrap/cache/compiled.php(12155): Illuminate\Routing\Pipeline->Illuminate\Routing\{closure}(Object(Illuminate\Http\Request))
#37 /var/www/html/tannguyen/bootstrap/cache/compiled.php(10069): Illuminate\Session\Middleware\StartSession->handle(Object(Illuminate\Http\Request), Object(Closure))
#38 /var/www/html/tannguyen/vendor/laravel/framework/src/Illuminate/Routing/Pipeline.php(33): Illuminate\Pipeline\Pipeline->Illuminate\Pipeline\{closure}(Object(Illuminate\Http\Request))
#39 /var/www/html/tannguyen/bootstrap/cache/compiled.php(13495): Illuminate\Routing\Pipeline->Illuminate\Routing\{closure}(Object(Illuminate\Http\Request))
#40 /var/www/html/tannguyen/bootstrap/cache/compiled.php(10069): Illuminate\Cookie\Middleware\AddQueuedCookiesToResponse->handle(Object(Illuminate\Http\Request), Object(Closure))
#41 /var/www/html/tannguyen/vendor/laravel/framework/src/Illuminate/Routing/Pipeline.php(33): Illuminate\Pipeline\Pipeline->Illuminate\Pipeline\{closure}(Object(Illuminate\Http\Request))
#42 /var/www/html/tannguyen/bootstrap/cache/compiled.php(13432): Illuminate\Routing\Pipeline->Illuminate\Routing\{closure}(Object(Illuminate\Http\Request))
#43 /var/www/html/tannguyen/bootstrap/cache/compiled.php(10069): Illuminate\Cookie\Middleware\EncryptCookies->handle(Object(Illuminate\Http\Request), Object(Closure))
#44 /var/www/html/tannguyen/vendor/laravel/framework/src/Illuminate/Routing/Pipeline.php(33): Illuminate\Pipeline\Pipeline->Illuminate\Pipeline\{closure}(Object(Illuminate\Http\Request))
#45 /var/www/html/tannguyen/bootstrap/cache/compiled.php(10054): Illuminate\Routing\Pipeline->Illuminate\Routing\{closure}(Object(Illuminate\Http\Request))
#46 /var/www/html/tannguyen/bootstrap/cache/compiled.php(8356): Illuminate\Pipeline\Pipeline->then(Object(Closure))
#47 /var/www/html/tannguyen/bootstrap/cache/compiled.php(8347): Illuminate\Routing\Router->runRouteWithinStack(Object(Illuminate\Routing\Route), Object(Illuminate\Http\Request))
#48 /var/www/html/tannguyen/bootstrap/cache/compiled.php(8338): Illuminate\Routing\Router->dispatchToRoute(Object(Illuminate\Http\Request))
#49 /var/www/html/tannguyen/bootstrap/cache/compiled.php(2575): Illuminate\Routing\Router->dispatch(Object(Illuminate\Http\Request))
#50 /var/www/html/tannguyen/vendor/laravel/framework/src/Illuminate/Routing/Pipeline.php(53): Illuminate\Foundation\Http\Kernel->Illuminate\Foundation\Http\{closure}(Object(Illuminate\Http\Request))
#51 /var/www/html/tannguyen/bootstrap/cache/compiled.php(3374): Illuminate\Routing\Pipeline->Illuminate\Routing\{closure}(Object(Illuminate\Http\Request))
#52 /var/www/html/tannguyen/bootstrap/cache/compiled.php(10069): Illuminate\Foundation\Http\Middleware\CheckForMaintenanceMode->handle(Object(Illuminate\Http\Request), Object(Closure))
#53 /var/www/html/tannguyen/vendor/laravel/framework/src/Illuminate/Routing/Pipeline.php(33): Illuminate\Pipeline\Pipeline->Illuminate\Pipeline\{closure}(Object(Illuminate\Http\Request))
#54 /var/www/html/tannguyen/bootstrap/cache/compiled.php(10054): Illuminate\Routing\Pipeline->Illuminate\Routing\{closure}(Object(Illuminate\Http\Request))
#55 /var/www/html/tannguyen/bootstrap/cache/compiled.php(2519): Illuminate\Pipeline\Pipeline->then(Object(Closure))
#56 /var/www/html/tannguyen/bootstrap/cache/compiled.php(2503): Illuminate\Foundation\Http\Kernel->sendRequestThroughRouter(Object(Illuminate\Http\Request))
#57 /var/www/html/tannguyen/public/index.php(53): Illuminate\Foundation\Http\Kernel->handle(Object(Illuminate\Http\Request))
#58 /var/www/html/tannguyen/server.php(21): require_once('/var/www/html/t...')
#59 {main}

Next Illuminate\Database\QueryException: SQLSTATE[HY000] [1045] Access denied for user 'homestead'@'localhost' (using password: YES) (SQL: select count(*) as aggregate from `campaigns` where `status` = 1 and `campaigns`.`deleted_at` is null) in /var/www/html/tannguyen/vendor/laravel/framework/src/Illuminate/Database/Connection.php:770
Stack trace:
#0 /var/www/html/tannguyen/vendor/laravel/framework/src/Illuminate/Database/Connection.php(726): Illuminate\Database\Connection->runQueryCallback('select count(*)...', Array, Object(Closure))
#1 /var/www/html/tannguyen/vendor/laravel/framework/src/Illuminate/Database/Connection.php(351): Illuminate\Database\Connection->run('select count(*)...', Array, Object(Closure))
#2 /var/www/html/tannguyen/vendor/laravel/framework/src/Illuminate/Database/Query/Builder.php(1648): Illuminate\Database\Connection->select('select count(*)...', Array, true)
#3 /var/www/html/tannguyen/vendor/laravel/framework/src/Illuminate/Database/Query/Builder.php(1634): Illuminate\Database\Query\Builder->runSelect()
#4 /var/www/html/tannguyen/vendor/laravel/framework/src/Illuminate/Database/Query/Builder.php(1709): Illuminate\Database\Query\Builder->get()
#5 /var/www/html/tannguyen/vendor/laravel/framework/src/Illuminate/Database/Eloquent/Builder.php(500): Illuminate\Database\Query\Builder->getCountForPagination()
#6 /var/www/html/tannguyen/app/Http/Controllers/CampaignController.php(67): Illuminate\Database\Eloquent\Builder->paginate(3)
#7 [internal function]: App\Http\Controllers\CampaignController->index()
#8 /var/www/html/tannguyen/bootstrap/cache/compiled.php(9584): call_user_func_array(Array, Array)
#9 /var/www/html/tannguyen/bootstrap/cache/compiled.php(9611): Illuminate\Routing\Controller->callAction('index', Array)
#10 /var/www/html/tannguyen/bootstrap/cache/compiled.php(8665): Illuminate\Routing\ControllerDispatcher->dispatch(Object(Illuminate\Routing\Route), Object(App\Http\Controllers\CampaignController), 'index')
#11 /var/www/html/tannguyen/bootstrap/cache/compiled.php(8646): Illuminate\Routing\Route->runController()
#12 /var/www/html/tannguyen/bootstrap/cache/compiled.php(8355): Illuminate\Routing\Route->run(Object(Illuminate\Http\Request))
#13 /var/www/html/tannguyen/vendor/laravel/framework/src/Illuminate/Routing/Pipeline.php(53): Illuminate\Routing\Router->Illuminate\Routing\{closure}(Object(Illuminate\Http\Request))
#14 /var/www/html/tannguyen/app/Http/Middleware/SetLocale.php(34): Illuminate\Routing\Pipeline->Illuminate\Routing\{closure}(Object(Illuminate\Http\Request))
#15 /var/www/html/tannguyen/bootstrap/cache/compiled.php(10069): App\Http\Middleware\SetLocale->handle(Object(Illuminate\Http\Request), Object(Closure))
#16 /var/www/html/tannguyen/vendor/laravel/framework/src/Illuminate/Routing/Pipeline.php(33): Illuminate\Pipeline\Pipeline->Illuminate\Pipeline\{closure}(Object(Illuminate\Http\Request))
#17 /var/www/html/tannguyen/bootstrap/cache/compiled.php(10177): Illuminate\Routing\Pipeline->Illuminate\Routing\{closure}(Object(Illuminate\Http\Request))
#18 /var/www/html/tannguyen/bootstrap/cache/compiled.php(10069): Illuminate\Routing\Middleware\SubstituteBindings->handle(Object(Illuminate\Http\Request), Object(Closure))
#19 /var/www/html/tannguyen/vendor/laravel/framework/src/Illuminate/Routing/Pipeline.php(33): Illuminate\Pipeline\Pipeline->Illuminate\Pipeline\{closure}(Object(Illuminate\Http\Request))
#20 /var/www/html/tannguyen/bootstrap/cache/compiled.php(3312): Illuminate\Routing\Pipeline->Illuminate\Routing\{closure}(Object(Illuminate\Http\Request))
#21 /var/www/html/tannguyen/bootstrap/cache/compiled.php(10069): Illuminate\Foundation\Http\Middleware\VerifyCsrfToken->handle(Object(Illuminate\Http\Request), Object(Closure))
#22 /var/www/html/tannguyen/vendor/laravel/framework/src/Illuminate/Routing/Pipeline.php(33): Illuminate\Pipeline\Pipeline->Illuminate\Pipeline\{closure}(Object(Illuminate\Http\Request))
#23 /var/www/html/tannguyen/bootstrap/cache/compiled.php(13749): Illuminate\Routing\Pipeline->Illuminate\Routing\{closure}(Object(Illuminate\Http\Request))
#24 /var/www/html/tannguyen/bootstrap/cache/compiled.php(10069): Illuminate\View\Middleware\ShareErrorsFromSession->handle(Object(Illuminate\Http\Request), Object(Closure))
#25 /var/www/html/tannguyen/vendor/laravel/framework/src/Illuminate/Routing/Pipeline.php(33): Illuminate\Pipeline\Pipeline->Illuminate\Pipeline\{closure}(Object(Illuminate\Http\Request))
#26 /var/www/html/tannguyen/bootstrap/cache/compiled.php(12155): Illuminate\Routing\Pipeline->Illuminate\Routing\{closure}(Object(Illuminate\Http\Request))
#27 /var/www/html/tannguyen/bootstrap/cache/compiled.php(10069): Illuminate\Session\Middleware\StartSession->handle(Object(Illuminate\Http\Request), Object(Closure))
#28 /var/www/html/tannguyen/vendor/laravel/framework/src/Illuminate/Routing/Pipeline.php(33): Illuminate\Pipeline\Pipeline->Illuminate\Pipeline\{closure}(Object(Illuminate\Http\Request))
#29 /var/www/html/tannguyen/bootstrap/cache/compiled.php(13495): Illuminate\Routing\Pipeline->Illuminate\Routing\{closure}(Object(Illuminate\Http\Request))
#30 /var/www/html/tannguyen/bootstrap/cache/compiled.php(10069): Illuminate\Cookie\Middleware\AddQueuedCookiesToResponse->handle(Object(Illuminate\Http\Request), Object(Closure))
#31 /var/www/html/tannguyen/vendor/laravel/framework/src/Illuminate/Routing/Pipeline.php(33): Illuminate\Pipeline\Pipeline->Illuminate\Pipeline\{closure}(Object(Illuminate\Http\Request))
#32 /var/www/html/tannguyen/bootstrap/cache/compiled.php(13432): Illuminate\Routing\Pipeline->Illuminate\Routing\{closure}(Object(Illuminate\Http\Request))
#33 /var/www/html/tannguyen/bootstrap/cache/compiled.php(10069): Illuminate\Cookie\Middleware\EncryptCookies->handle(Object(Illuminate\Http\Request), Object(Closure))
#34 /var/www/html/tannguyen/vendor/laravel/framework/src/Illuminate/Routing/Pipeline.php(33): Illuminate\Pipeline\Pipeline->Illuminate\Pipeline\{closure}(Object(Illuminate\Http\Request))
#35 /var/www/html/tannguyen/bootstrap/cache/compiled.php(10054): Illuminate\Routing\Pipeline->Illuminate\Routing\{closure}(Object(Illuminate\Http\Request))
#36 /var/www/html/tannguyen/bootstrap/cache/compiled.php(8356): Illuminate\Pipeline\Pipeline->then(Object(Closure))
#37 /var/www/html/tannguyen/bootstrap/cache/compiled.php(8347): Illuminate\Routing\Router->runRouteWithinStack(Object(Illuminate\Routing\Route), Object(Illuminate\Http\Request))
#38 /var/www/html/tannguyen/bootstrap/cache/compiled.php(8338): Illuminate\Routing\Router->dispatchToRoute(Object(Illuminate\Http\Request))
#39 /var/www/html/tannguyen/bootstrap/cache/compiled.php(2575): Illuminate\Routing\Router->dispatch(Object(Illuminate\Http\Request))
#40 /var/www/html/tannguyen/vendor/laravel/framework/src/Illuminate/Routing/Pipeline.php(53): Illuminate\Foundation\Http\Kernel->Illuminate\Foundation\Http\{closure}(Object(Illuminate\Http\Request))
#41 /var/www/html/tannguyen/bootstrap/cache/compiled.php(3374): Illuminate\Routing\Pipeline->Illuminate\Routing\{closure}(Object(Illuminate\Http\Request))
#42 /var/www/html/tannguyen/bootstrap/cache/compiled.php(10069): Illuminate\Foundation\Http\Middleware\CheckForMaintenanceMode->handle(Object(Illuminate\Http\Request), Object(Closure))
#43 /var/www/html/tannguyen/vendor/laravel/framework/src/Illuminate/Routing/Pipeline.php(33): Illuminate\Pipeline\Pipeline->Illuminate\Pipeline\{closure}(Object(Illuminate\Http\Request))
#44 /var/www/html/tannguyen/bootstrap/cache/compiled.php(10054): Illuminate\Routing\Pipeline->Illuminate\Routing\{closure}(Object(Illuminate\Http\Request))
#45 /var/www/html/tannguyen/bootstrap/cache/compiled.php(2519): Illuminate\Pipeline\Pipeline->then(Object(Closure))
#46 /var/www/html/tannguyen/bootstrap/cache/compiled.php(2503): Illuminate\Foundation\Http\Kernel->sendRequestThroughRouter(Object(Illuminate\Http\Request))
#47 /var/www/html/tannguyen/public/index.php(53): Illuminate\Foundation\Http\Kernel->handle(Object(Illuminate\Http\Request))
#48 /var/www/html/tannguyen/server.php(21): require_once('/var/www/html/t...')
#49 {main}  
[2017-07-01 02:33:20] local.ERROR: ErrorException: file_put_contents(/var/www/html/tannguyen/storage/framework/sessions/Ob0UUNVv4OuqPOPMlzlXk40SMrfAvWPuZOeKWV5X): failed to open stream: No such file or directory in /var/www/html/tannguyen/bootstrap/cache/compiled.php:7512
Stack trace:
#0 [internal function]: Illuminate\Foundation\Bootstrap\HandleExceptions->handleError(2, 'file_put_conten...', '/var/www/html/t...', 7512, Array)
#1 /var/www/html/tannguyen/bootstrap/cache/compiled.php(7512): file_put_contents('/var/www/html/t...', 'a:5:{s:6:"local...', 2)
#2 /var/www/html/tannguyen/vendor/laravel/framework/src/Illuminate/Session/FileSessionHandler.php(83): Illuminate\Filesystem\Filesystem->put('/var/www/html/t...', 'a:5:{s:6:"local...', true)
#3 /var/www/html/tannguyen/bootstrap/cache/compiled.php(12345): Illuminate\Session\FileSessionHandler->write('Ob0UUNVv4OuqPOP...', 'a:5:{s:6:"local...')
#4 /var/www/html/tannguyen/bootstrap/cache/compiled.php(12165): Illuminate\Session\Store->save()
#5 /var/www/html/tannguyen/bootstrap/cache/compiled.php(2531): Illuminate\Session\Middleware\StartSession->terminate(Object(Illuminate\Http\Request), Object(Illuminate\Http\Response))
#6 /var/www/html/tannguyen/public/index.php(58): Illuminate\Foundation\Http\Kernel->terminate(Object(Illuminate\Http\Request), Object(Illuminate\Http\Response))
#7 /var/www/html/tannguyen/server.php(21): require_once('/var/www/html/t...')
#8 {main}  
[2017-07-01 02:33:53] local.ERROR: InvalidArgumentException: Please provide a valid cache path. in /var/www/html/tannguyen/bootstrap/cache/compiled.php:15724
Stack trace:
#0 /var/www/html/tannguyen/bootstrap/cache/compiled.php(8036): Illuminate\View\Compilers\Compiler->__construct(Object(Illuminate\Filesystem\Filesystem), false)
#1 /var/www/html/tannguyen/bootstrap/cache/compiled.php(1477): Illuminate\View\ViewServiceProvider->Illuminate\View\{closure}(Object(Illuminate\Foundation\Application), Array)
#2 /var/www/html/tannguyen/bootstrap/cache/compiled.php(1433): Illuminate\Container\Container->build(Object(Closure), Array)
#3 /var/www/html/tannguyen/bootstrap/cache/compiled.php(2011): Illuminate\Container\Container->make('blade.compiler', Array)
#4 /var/www/html/tannguyen/bootstrap/cache/compiled.php(1686): Illuminate\Foundation\Application->make('blade.compiler')
#5 /var/www/html/tannguyen/bootstrap/cache/compiled.php(8039): Illuminate\Container\Container->offsetGet('blade.compiler')
#6 [internal function]: Illuminate\View\ViewServiceProvider->Illuminate\View\{closure}()
#7 /var/www/html/tannguyen/bootstrap/cache/compiled.php(14678): call_user_func(Object(Closure))
#8 /var/www/html/tannguyen/bootstrap/cache/compiled.php(14922): Illuminate\View\Engines\EngineResolver->resolve('blade')
#9 /var/www/html/tannguyen/bootstrap/cache/compiled.php(14862): Illuminate\View\Factory->getEngineFromPath('/var/www/html/t...')
#10 /var/www/html/tannguyen/vendor/laravel/framework/src/Illuminate/Foundation/helpers.php(858): Illuminate\View\Factory->make('campaign.index', Array, Array)
#11 /var/www/html/tannguyen/app/Http/Controllers/CampaignController.php(74): view('campaign.index', Array)
#12 [internal function]: App\Http\Controllers\CampaignController->index()
#13 /var/www/html/tannguyen/bootstrap/cache/compiled.php(9584): call_user_func_array(Array, Array)
#14 /var/www/html/tannguyen/bootstrap/cache/compiled.php(9611): Illuminate\Routing\Controller->callAction('index', Array)
#15 /var/www/html/tannguyen/bootstrap/cache/compiled.php(8665): Illuminate\Routing\ControllerDispatcher->dispatch(Object(Illuminate\Routing\Route), Object(App\Http\Controllers\CampaignController), 'index')
#16 /var/www/html/tannguyen/bootstrap/cache/compiled.php(8646): Illuminate\Routing\Route->runController()
#17 /var/www/html/tannguyen/bootstrap/cache/compiled.php(8355): Illuminate\Routing\Route->run(Object(Illuminate\Http\Request))
#18 /var/www/html/tannguyen/vendor/laravel/framework/src/Illuminate/Routing/Pipeline.php(53): Illuminate\Routing\Router->Illuminate\Routing\{closure}(Object(Illuminate\Http\Request))
#19 /var/www/html/tannguyen/app/Http/Middleware/SetLocale.php(34): Illuminate\Routing\Pipeline->Illuminate\Routing\{closure}(Object(Illuminate\Http\Request))
#20 /var/www/html/tannguyen/bootstrap/cache/compiled.php(10069): App\Http\Middleware\SetLocale->handle(Object(Illuminate\Http\Request), Object(Closure))
#21 /var/www/html/tannguyen/vendor/laravel/framework/src/Illuminate/Routing/Pipeline.php(33): Illuminate\Pipeline\Pipeline->Illuminate\Pipeline\{closure}(Object(Illuminate\Http\Request))
#22 /var/www/html/tannguyen/bootstrap/cache/compiled.php(10177): Illuminate\Routing\Pipeline->Illuminate\Routing\{closure}(Object(Illuminate\Http\Request))
#23 /var/www/html/tannguyen/bootstrap/cache/compiled.php(10069): Illuminate\Routing\Middleware\SubstituteBindings->handle(Object(Illuminate\Http\Request), Object(Closure))
#24 /var/www/html/tannguyen/vendor/laravel/framework/src/Illuminate/Routing/Pipeline.php(33): Illuminate\Pipeline\Pipeline->Illuminate\Pipeline\{closure}(Object(Illuminate\Http\Request))
#25 /var/www/html/tannguyen/bootstrap/cache/compiled.php(3312): Illuminate\Routing\Pipeline->Illuminate\Routing\{closure}(Object(Illuminate\Http\Request))
#26 /var/www/html/tannguyen/bootstrap/cache/compiled.php(10069): Illuminate\Foundation\Http\Middleware\VerifyCsrfToken->handle(Object(Illuminate\Http\Request), Object(Closure))
#27 /var/www/html/tannguyen/vendor/laravel/framework/src/Illuminate/Routing/Pipeline.php(33): Illuminate\Pipeline\Pipeline->Illuminate\Pipeline\{closure}(Object(Illuminate\Http\Request))
#28 /var/www/html/tannguyen/bootstrap/cache/compiled.php(13749): Illuminate\Routing\Pipeline->Illuminate\Routing\{closure}(Object(Illuminate\Http\Request))
#29 /var/www/html/tannguyen/bootstrap/cache/compiled.php(10069): Illuminate\View\Middleware\ShareErrorsFromSession->handle(Object(Illuminate\Http\Request), Object(Closure))
#30 /var/www/html/tannguyen/vendor/laravel/framework/src/Illuminate/Routing/Pipeline.php(33): Illuminate\Pipeline\Pipeline->Illuminate\Pipeline\{closure}(Object(Illuminate\Http\Request))
#31 /var/www/html/tannguyen/bootstrap/cache/compiled.php(12155): Illuminate\Routing\Pipeline->Illuminate\Routing\{closure}(Object(Illuminate\Http\Request))
#32 /var/www/html/tannguyen/bootstrap/cache/compiled.php(10069): Illuminate\Session\Middleware\StartSession->handle(Object(Illuminate\Http\Request), Object(Closure))
#33 /var/www/html/tannguyen/vendor/laravel/framework/src/Illuminate/Routing/Pipeline.php(33): Illuminate\Pipeline\Pipeline->Illuminate\Pipeline\{closure}(Object(Illuminate\Http\Request))
#34 /var/www/html/tannguyen/bootstrap/cache/compiled.php(13495): Illuminate\Routing\Pipeline->Illuminate\Routing\{closure}(Object(Illuminate\Http\Request))
#35 /var/www/html/tannguyen/bootstrap/cache/compiled.php(10069): Illuminate\Cookie\Middleware\AddQueuedCookiesToResponse->handle(Object(Illuminate\Http\Request), Object(Closure))
#36 /var/www/html/tannguyen/vendor/laravel/framework/src/Illuminate/Routing/Pipeline.php(33): Illuminate\Pipeline\Pipeline->Illuminate\Pipeline\{closure}(Object(Illuminate\Http\Request))
#37 /var/www/html/tannguyen/bootstrap/cache/compiled.php(13432): Illuminate\Routing\Pipeline->Illuminate\Routing\{closure}(Object(Illuminate\Http\Request))
#38 /var/www/html/tannguyen/bootstrap/cache/compiled.php(10069): Illuminate\Cookie\Middleware\EncryptCookies->handle(Object(Illuminate\Http\Request), Object(Closure))
#39 /var/www/html/tannguyen/vendor/laravel/framework/src/Illuminate/Routing/Pipeline.php(33): Illuminate\Pipeline\Pipeline->Illuminate\Pipeline\{closure}(Object(Illuminate\Http\Request))
#40 /var/www/html/tannguyen/bootstrap/cache/compiled.php(10054): Illuminate\Routing\Pipeline->Illuminate\Routing\{closure}(Object(Illuminate\Http\Request))
#41 /var/www/html/tannguyen/bootstrap/cache/compiled.php(8356): Illuminate\Pipeline\Pipeline->then(Object(Closure))
#42 /var/www/html/tannguyen/bootstrap/cache/compiled.php(8347): Illuminate\Routing\Router->runRouteWithinStack(Object(Illuminate\Routing\Route), Object(Illuminate\Http\Request))
#43 /var/www/html/tannguyen/bootstrap/cache/compiled.php(8338): Illuminate\Routing\Router->dispatchToRoute(Object(Illuminate\Http\Request))
#44 /var/www/html/tannguyen/bootstrap/cache/compiled.php(2575): Illuminate\Routing\Router->dispatch(Object(Illuminate\Http\Request))
#45 /var/www/html/tannguyen/vendor/laravel/framework/src/Illuminate/Routing/Pipeline.php(53): Illuminate\Foundation\Http\Kernel->Illuminate\Foundation\Http\{closure}(Object(Illuminate\Http\Request))
#46 /var/www/html/tannguyen/bootstrap/cache/compiled.php(3374): Illuminate\Routing\Pipeline->Illuminate\Routing\{closure}(Object(Illuminate\Http\Request))
#47 /var/www/html/tannguyen/bootstrap/cache/compiled.php(10069): Illuminate\Foundation\Http\Middleware\CheckForMaintenanceMode->handle(Object(Illuminate\Http\Request), Object(Closure))
#48 /var/www/html/tannguyen/vendor/laravel/framework/src/Illuminate/Routing/Pipeline.php(33): Illuminate\Pipeline\Pipeline->Illuminate\Pipeline\{closure}(Object(Illuminate\Http\Request))
#49 /var/www/html/tannguyen/bootstrap/cache/compiled.php(10054): Illuminate\Routing\Pipeline->Illuminate\Routing\{closure}(Object(Illuminate\Http\Request))
#50 /var/www/html/tannguyen/bootstrap/cache/compiled.php(2519): Illuminate\Pipeline\Pipeline->then(Object(Closure))
#51 /var/www/html/tannguyen/bootstrap/cache/compiled.php(2503): Illuminate\Foundation\Http\Kernel->sendRequestThroughRouter(Object(Illuminate\Http\Request))
#52 /var/www/html/tannguyen/public/index.php(53): Illuminate\Foundation\Http\Kernel->handle(Object(Illuminate\Http\Request))
#53 /var/www/html/tannguyen/server.php(21): require_once('/var/www/html/t...')
#54 {main}  
[2017-07-01 02:33:53] local.ERROR: ErrorException: file_put_contents(/var/www/html/tannguyen/storage/framework/sessions/Ob0UUNVv4OuqPOPMlzlXk40SMrfAvWPuZOeKWV5X): failed to open stream: No such file or directory in /var/www/html/tannguyen/bootstrap/cache/compiled.php:7512
Stack trace:
#0 [internal function]: Illuminate\Foundation\Bootstrap\HandleExceptions->handleError(2, 'file_put_conten...', '/var/www/html/t...', 7512, Array)
#1 /var/www/html/tannguyen/bootstrap/cache/compiled.php(7512): file_put_contents('/var/www/html/t...', 'a:5:{s:6:"local...', 2)
#2 /var/www/html/tannguyen/vendor/laravel/framework/src/Illuminate/Session/FileSessionHandler.php(83): Illuminate\Filesystem\Filesystem->put('/var/www/html/t...', 'a:5:{s:6:"local...', true)
#3 /var/www/html/tannguyen/bootstrap/cache/compiled.php(12345): Illuminate\Session\FileSessionHandler->write('Ob0UUNVv4OuqPOP...', 'a:5:{s:6:"local...')
#4 /var/www/html/tannguyen/bootstrap/cache/compiled.php(12165): Illuminate\Session\Store->save()
#5 /var/www/html/tannguyen/bootstrap/cache/compiled.php(2531): Illuminate\Session\Middleware\StartSession->terminate(Object(Illuminate\Http\Request), Object(Illuminate\Http\Response))
#6 /var/www/html/tannguyen/public/index.php(58): Illuminate\Foundation\Http\Kernel->terminate(Object(Illuminate\Http\Request), Object(Illuminate\Http\Response))
#7 /var/www/html/tannguyen/server.php(21): require_once('/var/www/html/t...')
#8 {main}  
